ftcvisionbot/ftc-cameratest/build/outputs/logs/manifest-merger-debug-report.txt
-- Merging decision tree log ---
manifest
ADDED from src\main\AndroidManifest.xml:2:1-53:12
	xmlns:tools
		ADDED from src\main\AndroidManifest.xml:3:5-51
	xmlns:android
		ADDED from src\main\AndroidManifest.xml:2:11-69
	package
		ADDED from src\main\AndroidManifest.xml:4:5-44
		INJECTED from src\main\AndroidManifest.xml
		INJECTED from src\main\AndroidManifest.xml
	android:versionName
		ADDED from src\main\AndroidManifest.xml:6:5-30
	android:versionCode
		ADDED from src\main\AndroidManifest.xml:5:5-31
		INJECTED from src\main\AndroidManifest.xml
		INJECTED from src\main\AndroidManifest.xml
application
ADDED from src\main\AndroidManifest.xml:8:5-24:19
MERGED from [FTCVision:ftc-visionlib:unspecified] AndroidManifest.xml:11:5-14:19
	android:allowBackup
		ADDED from [FTCVision:ftc-visionlib:unspecified] AndroidManifest.xml:12:9-35
	android:label
		ADDED from src\main\AndroidManifest.xml:10:9-41
	android:icon
		ADDED from src\main\AndroidManifest.xml:9:9-43
	android:theme
		ADDED from src\main\AndroidManifest.xml:11:9-67
	tools:replace
		ADDED from src\main\AndroidManifest.xml:12:9-38
activity#com.lasarobotics.tests.camera.CameraTestActivity
ADDED from src\main\AndroidManifest.xml:14:9-23:20
	android:screenOrientation
		ADDED from src\main\AndroidManifest.xml:18:13-50
	android:label
		ADDED from src\main\AndroidManifest.xml:17:13-45
	android:configChanges
		ADDED from src\main\AndroidManifest.xml:16:13-63
	android:name
		ADDED from src\main\AndroidManifest.xml:15:13-76
intent-filter#android.intent.action.MAIN+android.intent.category.LAUNCHER
ADDED from src\main\AndroidManifest.xml:19:13-22:29
action#android.intent.action.MAIN
ADDED from src\main\AndroidManifest.xml:20:17-69
	android:name
		ADDED from src\main\AndroidManifest.xml:20:25-66
category#android.intent.category.LAUNCHER
ADDED from src\main\AndroidManifest.xml:21:17-77
	android:name
		ADDED from src\main\AndroidManifest.xml:21:27-74
supports-screens
ADDED from src\main\AndroidManifest.xml:26:5-31:39
	android:resizeable
		ADDED from src\main\AndroidManifest.xml:30:9-34
	android:largeScreens
		ADDED from src\main\AndroidManifest.xml:28:9-36
	android:anyDensity
		ADDED from src\main\AndroidManifest.xml:27:9-34
	android:normalScreens
		ADDED from src\main\AndroidManifest.xml:29:9-37
	android:smallScreens
		ADDED from src\main\AndroidManifest.xml:31:9-36
uses-permission#android.permission.WRITE_SETTINGS
ADDED from src\main\AndroidManifest.xml:33:5-35:35
	android:required
		ADDED from src\main\AndroidManifest.xml:35:9-32
	android:name
		ADDED from src\main\AndroidManifest.xml:34:9-57
uses-permission#android.permission.CAMERA
ADDED from src\main\AndroidManifest.xml:36:5-38:35
	android:required
		ADDED from src\main\AndroidManifest.xml:38:9-32
	android:name
		ADDED from src\main\AndroidManifest.xml:37:9-49
uses-feature#android.hardware.camera
ADDED from src\main\AndroidManifest.xml:40:5-42:36
	android:required
		ADDED from src\main\AndroidManifest.xml:42:9-33
	android:name
		ADDED from src\main\AndroidManifest.xml:41:9-47
uses-feature#android.hardware.camera.autofocus
ADDED from src\main\AndroidManifest.xml:43:5-45:36
	android:required
		ADDED from src\main\AndroidManifest.xml:45:9-33
	android:name
		ADDED from src\main\AndroidManifest.xml:44:9-57
uses-feature#android.hardware.camera.front
ADDED from src\main\AndroidManifest.xml:46:5-48:36
	android:required
		ADDED from src\main\AndroidManifest.xml:48:9-33
	android:name
		ADDED from src\main\AndroidManifest.xml:47:9-53
uses-feature#android.hardware.camera.front.autofocus
ADDED from src\main\AndroidManifest.xml:49:5-51:36
	android:required
		ADDED from src\main\AndroidManifest.xml:51:9-33
	android:name
		ADDED from src\main\AndroidManifest.xml:50:9-63
uses-sdk
INJECTED from src\main\AndroidManifest.xml reason: use-sdk injection requested
MERGED from [FTCVision:opencv-java:unspecified] AndroidManifest.xml:7:5-9:41
MERGED from [FTCVision:ftc-visionlib:unspecified] AndroidManifest.xml:7:5-9:41
MERGED from [:RobotCore-release:] AndroidManifest.xml:5:5-7:41
MERGED from [FTCVision:opencv-java:unspecified] AndroidManifest.xml:7:5-9:41
	android:targetSdkVersion
		INJECTED from src\main\AndroidManifest.xml
		INJECTED from src\main\AndroidManifest.xml
	android:minSdkVersion
		INJECTED from src\main\AndroidManifest.xml
		INJECTED from src\main\AndroidManifest.xml